<?xml version="1.0" encoding="UTF-8"?>
<testsuite name="com.ibedus.TestingPreProcessing" tests="6" skipped="0" failures="0" errors="0" timestamp="2022-07-13T16:14:55" hostname="Rafas-MacBook-Pro.local" time="0.011">
  <properties/>
  <testcase name="Quando estiver cadastrado com www, Entao o pre processamento deve retornar o dominio limpo" classname="com.ibedus.TestingPreProcessing" time="0.005"/>
  <testcase name="Quando estiver cadastrado com HTTP, Entao o pre processamento deve retornar o dominio limpo" classname="com.ibedus.TestingPreProcessing" time="0.0"/>
  <testcase name="Quando estiver cadastrado null, Entao o pre processamento deve retonar uma string null" classname="com.ibedus.TestingPreProcessing" time="0.001"/>
  <testcase name="Se estiver cadastrado c/ HTTPS, Entao o pre processamento deve retornar o dominio limpo" classname="com.ibedus.TestingPreProcessing" time="0.001"/>
  <testcase name="Quando estiver cadastrado lixo, Entao o pre processamento deve retornar uma string null" classname="com.ibedus.TestingPreProcessing" time="0.001"/>
  <testcase name="Quando estiver cadastrado o dominio diretamente, Entao o pre processamento deve identificar e retornar o endereco completo" classname="com.ibedus.TestingPreProcessing" time="0.0"/>
  <system-out><![CDATA[]]></system-out>
  <system-err><![CDATA[]]></system-err>
</testsuite>
